{"/Users/sofiavicedomini/development/yt-downloader/src/lib/downloader.ts": {"path":"/Users/sofiavicedomini/development/yt-downloader/src/lib/downloader.ts","statementMap":{"0":{"start":{"line":34,"column":18},"end":{"line":34,"column":null}},"1":{"start":{"line":41,"column":2},"end":{"line":67,"column":null}},"2":{"start":{"line":42,"column":10},"end":{"line":42,"column":null}},"3":{"start":{"line":43,"column":17},"end":{"line":43,"column":null}},"4":{"start":{"line":44,"column":17},"end":{"line":44,"column":null}},"5":{"start":{"line":46,"column":4},"end":{"line":48,"column":null}},"6":{"start":{"line":47,"column":6},"end":{"line":47,"column":null}},"7":{"start":{"line":50,"column":4},"end":{"line":54,"column":null}},"8":{"start":{"line":51,"column":19},"end":{"line":51,"column":null}},"9":{"start":{"line":52,"column":6},"end":{"line":52,"column":null}},"10":{"start":{"line":53,"column":6},"end":{"line":53,"column":null}},"11":{"start":{"line":56,"column":4},"end":{"line":62,"column":null}},"12":{"start":{"line":57,"column":6},"end":{"line":61,"column":null}},"13":{"start":{"line":58,"column":8},"end":{"line":58,"column":null}},"14":{"start":{"line":60,"column":8},"end":{"line":60,"column":null}},"15":{"start":{"line":64,"column":4},"end":{"line":66,"column":null}},"16":{"start":{"line":65,"column":6},"end":{"line":65,"column":null}},"17":{"start":{"line":71,"column":14},"end":{"line":76,"column":null}},"18":{"start":{"line":79,"column":15},"end":{"line":79,"column":null}},"19":{"start":{"line":82,"column":8},"end":{"line":94,"column":null}},"20":{"start":{"line":82,"column":84},"end":{"line":94,"column":4}},"21":{"start":{"line":96,"column":2},"end":{"line":103,"column":null}},"22":{"start":{"line":111,"column":2},"end":{"line":111,"column":null}},"23":{"start":{"line":112,"column":8},"end":{"line":112,"column":null}},"24":{"start":{"line":114,"column":15},"end":{"line":122,"column":null}},"25":{"start":{"line":124,"column":21},"end":{"line":124,"column":null}},"26":{"start":{"line":126,"column":2},"end":{"line":144,"column":null}},"27":{"start":{"line":128,"column":26},"end":{"line":128,"column":null}},"28":{"start":{"line":129,"column":4},"end":{"line":135,"column":null}},"29":{"start":{"line":130,"column":6},"end":{"line":134,"column":null}},"30":{"start":{"line":138,"column":22},"end":{"line":140,"column":null}},"31":{"start":{"line":141,"column":4},"end":{"line":143,"column":null}},"32":{"start":{"line":142,"column":6},"end":{"line":142,"column":null}},"33":{"start":{"line":147,"column":2},"end":{"line":152,"column":null}},"34":{"start":{"line":148,"column":28},"end":{"line":148,"column":null}},"35":{"start":{"line":149,"column":18},"end":{"line":149,"column":null}},"36":{"start":{"line":149,"column":53},"end":{"line":149,"column":76}},"37":{"start":{"line":150,"column":4},"end":{"line":150,"column":null}},"38":{"start":{"line":150,"column":28},"end":{"line":150,"column":null}},"39":{"start":{"line":151,"column":4},"end":{"line":151,"column":null}},"40":{"start":{"line":154,"column":2},"end":{"line":154,"column":null}},"41":{"start":{"line":158,"column":15},"end":{"line":158,"column":null}},"42":{"start":{"line":159,"column":2},"end":{"line":159,"column":null}}},"fnMap":{"0":{"name":"runProcess","decl":{"start":{"line":36,"column":9},"end":{"line":36,"column":null}},"loc":{"start":{"line":40,"column":19},"end":{"line":68,"column":null}},"line":40},"1":{"name":"(anonymous_1)","decl":{"start":{"line":41,"column":13},"end":{"line":41,"column":22}},"loc":{"start":{"line":41,"column":42},"end":{"line":67,"column":3}},"line":41},"2":{"name":"(anonymous_2)","decl":{"start":{"line":46,"column":19},"end":{"line":46,"column":28}},"loc":{"start":{"line":46,"column":42},"end":{"line":48,"column":5}},"line":46},"3":{"name":"(anonymous_3)","decl":{"start":{"line":50,"column":19},"end":{"line":50,"column":28}},"loc":{"start":{"line":50,"column":42},"end":{"line":54,"column":5}},"line":50},"4":{"name":"(anonymous_4)","decl":{"start":{"line":56,"column":12},"end":{"line":56,"column":22}},"loc":{"start":{"line":56,"column":31},"end":{"line":62,"column":5}},"line":56},"5":{"name":"(anonymous_5)","decl":{"start":{"line":64,"column":12},"end":{"line":64,"column":22}},"loc":{"start":{"line":64,"column":30},"end":{"line":66,"column":5}},"line":64},"6":{"name":"fetchMetadata","decl":{"start":{"line":70,"column":22},"end":{"line":70,"column":36}},"loc":{"start":{"line":70,"column":73},"end":{"line":104,"column":null}},"line":70},"7":{"name":"(anonymous_7)","decl":{"start":{"line":82,"column":67},"end":{"line":82,"column":72}},"loc":{"start":{"line":82,"column":84},"end":{"line":94,"column":4}},"line":82},"8":{"name":"downloadSource","decl":{"start":{"line":106,"column":22},"end":{"line":106,"column":null}},"loc":{"start":{"line":110,"column":19},"end":{"line":155,"column":null}},"line":110},"9":{"name":"(anonymous_9)","decl":{"start":{"line":126,"column":30},"end":{"line":126,"column":37}},"loc":{"start":{"line":126,"column":46},"end":{"line":144,"column":3}},"line":126},"10":{"name":"(anonymous_10)","decl":{"start":{"line":149,"column":39},"end":{"line":149,"column":47}},"loc":{"start":{"line":149,"column":53},"end":{"line":149,"column":76}},"line":149},"11":{"name":"getAvailableFormats","decl":{"start":{"line":157,"column":22},"end":{"line":157,"column":42}},"loc":{"start":{"line":157,"column":78},"end":{"line":160,"column":null}},"line":157}},"branchMap":{"0":{"loc":{"start":{"line":34,"column":18},"end":{"line":34,"column":null}},"type":"binary-expr","locations":[{"start":{"line":34,"column":18},"end":{"line":34,"column":47}},{"start":{"line":34,"column":47},"end":{"line":34,"column":null}}],"line":34},"1":{"loc":{"start":{"line":57,"column":6},"end":{"line":61,"column":null}},"type":"if","locations":[{"start":{"line":57,"column":6},"end":{"line":61,"column":null}},{"start":{"line":59,"column":13},"end":{"line":61,"column":null}}],"line":57},"2":{"loc":{"start":{"line":82,"column":34},"end":{"line":82,"column":67}},"type":"binary-expr","locations":[{"start":{"line":82,"column":34},"end":{"line":82,"column":63}},{"start":{"line":82,"column":63},"end":{"line":82,"column":67}}],"line":82},"3":{"loc":{"start":{"line":83,"column":21},"end":{"line":83,"column":41}},"type":"binary-expr","locations":[{"start":{"line":83,"column":21},"end":{"line":83,"column":39}},{"start":{"line":83,"column":39},"end":{"line":83,"column":41}}],"line":83},"4":{"loc":{"start":{"line":84,"column":16},"end":{"line":84,"column":30}},"type":"binary-expr","locations":[{"start":{"line":84,"column":16},"end":{"line":84,"column":28}},{"start":{"line":84,"column":28},"end":{"line":84,"column":30}}],"line":84},"5":{"loc":{"start":{"line":85,"column":20},"end":{"line":85,"column":58}},"type":"binary-expr","locations":[{"start":{"line":85,"column":20},"end":{"line":85,"column":40}},{"start":{"line":85,"column":40},"end":{"line":85,"column":56}},{"start":{"line":85,"column":56},"end":{"line":85,"column":58}}],"line":85},"6":{"loc":{"start":{"line":86,"column":12},"end":{"line":86,"column":null}},"type":"binary-expr","locations":[{"start":{"line":86,"column":12},"end":{"line":86,"column":44}},{"start":{"line":86,"column":44},"end":{"line":86,"column":null}}],"line":86},"7":{"loc":{"start":{"line":87,"column":13},"end":{"line":87,"column":null}},"type":"binary-expr","locations":[{"start":{"line":87,"column":13},"end":{"line":87,"column":46}},{"start":{"line":87,"column":46},"end":{"line":87,"column":null}}],"line":87},"8":{"loc":{"start":{"line":88,"column":10},"end":{"line":88,"column":null}},"type":"binary-expr","locations":[{"start":{"line":88,"column":10},"end":{"line":88,"column":40}},{"start":{"line":88,"column":40},"end":{"line":88,"column":null}}],"line":88},"9":{"loc":{"start":{"line":89,"column":15},"end":{"line":89,"column":null}},"type":"binary-expr","locations":[{"start":{"line":89,"column":15},"end":{"line":89,"column":51}},{"start":{"line":89,"column":51},"end":{"line":89,"column":93}},{"start":{"line":89,"column":93},"end":{"line":89,"column":null}}],"line":89},"10":{"loc":{"start":{"line":90,"column":12},"end":{"line":90,"column":null}},"type":"cond-expr","locations":[{"start":{"line":90,"column":38},"end":{"line":90,"column":70}},{"start":{"line":90,"column":70},"end":{"line":90,"column":null}}],"line":90},"11":{"loc":{"start":{"line":91,"column":12},"end":{"line":91,"column":null}},"type":"cond-expr","locations":[{"start":{"line":91,"column":38},"end":{"line":91,"column":70}},{"start":{"line":91,"column":70},"end":{"line":91,"column":null}}],"line":91},"12":{"loc":{"start":{"line":92,"column":14},"end":{"line":92,"column":null}},"type":"binary-expr","locations":[{"start":{"line":92,"column":14},"end":{"line":92,"column":40}},{"start":{"line":92,"column":40},"end":{"line":92,"column":null}}],"line":92},"13":{"loc":{"start":{"line":93,"column":14},"end":{"line":93,"column":null}},"type":"binary-expr","locations":[{"start":{"line":93,"column":14},"end":{"line":93,"column":40}},{"start":{"line":93,"column":40},"end":{"line":93,"column":null}}],"line":93},"14":{"loc":{"start":{"line":97,"column":18},"end":{"line":97,"column":45}},"type":"binary-expr","locations":[{"start":{"line":97,"column":18},"end":{"line":97,"column":35}},{"start":{"line":97,"column":35},"end":{"line":97,"column":45}}],"line":97},"15":{"loc":{"start":{"line":98,"column":22},"end":{"line":98,"column":45}},"type":"binary-expr","locations":[{"start":{"line":98,"column":22},"end":{"line":98,"column":43}},{"start":{"line":98,"column":43},"end":{"line":98,"column":45}}],"line":98},"16":{"loc":{"start":{"line":99,"column":21},"end":{"line":99,"column":42}},"type":"binary-expr","locations":[{"start":{"line":99,"column":21},"end":{"line":99,"column":41}},{"start":{"line":99,"column":41},"end":{"line":99,"column":42}}],"line":99},"17":{"loc":{"start":{"line":100,"column":19},"end":{"line":100,"column":60}},"type":"binary-expr","locations":[{"start":{"line":100,"column":19},"end":{"line":100,"column":39}},{"start":{"line":100,"column":39},"end":{"line":100,"column":58}},{"start":{"line":100,"column":58},"end":{"line":100,"column":60}}],"line":100},"18":{"loc":{"start":{"line":101,"column":24},"end":{"line":101,"column":49}},"type":"binary-expr","locations":[{"start":{"line":101,"column":24},"end":{"line":101,"column":47}},{"start":{"line":101,"column":47},"end":{"line":101,"column":49}}],"line":101},"19":{"loc":{"start":{"line":129,"column":4},"end":{"line":135,"column":null}},"type":"if","locations":[{"start":{"line":129,"column":4},"end":{"line":135,"column":null}},{"start":{},"end":{}}],"line":129},"20":{"loc":{"start":{"line":129,"column":8},"end":{"line":129,"column":37}},"type":"binary-expr","locations":[{"start":{"line":129,"column":8},"end":{"line":129,"column":25}},{"start":{"line":129,"column":25},"end":{"line":129,"column":37}}],"line":129},"21":{"loc":{"start":{"line":131,"column":28},"end":{"line":131,"column":51}},"type":"binary-expr","locations":[{"start":{"line":131,"column":28},"end":{"line":131,"column":48}},{"start":{"line":131,"column":48},"end":{"line":131,"column":51}}],"line":131},"22":{"loc":{"start":{"line":132,"column":15},"end":{"line":132,"column":null}},"type":"binary-expr","locations":[{"start":{"line":132,"column":15},"end":{"line":132,"column":35}},{"start":{"line":132,"column":35},"end":{"line":132,"column":null}}],"line":132},"23":{"loc":{"start":{"line":133,"column":13},"end":{"line":133,"column":null}},"type":"binary-expr","locations":[{"start":{"line":133,"column":13},"end":{"line":133,"column":33}},{"start":{"line":133,"column":33},"end":{"line":133,"column":null}}],"line":133},"24":{"loc":{"start":{"line":138,"column":22},"end":{"line":140,"column":null}},"type":"binary-expr","locations":[{"start":{"line":138,"column":22},"end":{"line":138,"column":null}},{"start":{"line":139,"column":9},"end":{"line":139,"column":null}},{"start":{"line":140,"column":9},"end":{"line":140,"column":null}}],"line":138},"25":{"loc":{"start":{"line":141,"column":4},"end":{"line":143,"column":null}},"type":"if","locations":[{"start":{"line":141,"column":4},"end":{"line":143,"column":null}},{"start":{},"end":{}}],"line":141},"26":{"loc":{"start":{"line":147,"column":2},"end":{"line":152,"column":null}},"type":"if","locations":[{"start":{"line":147,"column":2},"end":{"line":152,"column":null}},{"start":{},"end":{}}],"line":147},"27":{"loc":{"start":{"line":150,"column":4},"end":{"line":150,"column":null}},"type":"if","locations":[{"start":{"line":150,"column":4},"end":{"line":150,"column":null}},{"start":{},"end":{}}],"line":150}},"s":{"0":1,"1":9,"2":9,"3":9,"4":9,"5":9,"6":9,"7":9,"8":9,"9":9,"10":9,"11":9,"12":9,"13":7,"14":2,"15":9,"16":0,"17":6,"18":5,"19":5,"20":10,"21":6,"22":3,"23":3,"24":3,"25":3,"26":3,"27":3,"28":3,"29":1,"30":3,"31":3,"32":2,"33":2,"34":0,"35":0,"36":0,"37":0,"38":0,"39":0,"40":2,"41":1,"42":1},"f":{"0":9,"1":9,"2":9,"3":9,"4":9,"5":0,"6":6,"7":10,"8":3,"9":3,"10":0,"11":1},"b":{"0":[1,1],"1":[7,2],"2":[5,0],"3":[10,0],"4":[10,0],"5":[10,0,0],"6":[10,5],"7":[10,5],"8":[10,5],"9":[10,0,0],"10":[5,5],"11":[10,0],"12":[10,5],"13":[10,10],"14":[6,0],"15":[6,0],"16":[6,0],"17":[6,0,0],"18":[6,0],"19":[1,2],"20":[3,1],"21":[1,0],"22":[1,0],"23":[1,0],"24":[3,1,1],"25":[2,1],"26":[0,2],"27":[0,0]},"meta":{"lastBranch":28,"lastFunction":12,"lastStatement":43,"seen":{"s:34:18:34:Infinity":0,"b:34:18:34:47:34:47:34:Infinity":0,"f:36:9:36:Infinity":0,"s:41:2:67:Infinity":1,"f:41:13:41:22":1,"s:42:10:42:Infinity":2,"s:43:17:43:Infinity":3,"s:44:17:44:Infinity":4,"s:46:4:48:Infinity":5,"f:46:19:46:28":2,"s:47:6:47:Infinity":6,"s:50:4:54:Infinity":7,"f:50:19:50:28":3,"s:51:19:51:Infinity":8,"s:52:6:52:Infinity":9,"s:53:6:53:Infinity":10,"s:56:4:62:Infinity":11,"f:56:12:56:22":4,"b:57:6:61:Infinity:59:13:61:Infinity":1,"s:57:6:61:Infinity":12,"s:58:8:58:Infinity":13,"s:60:8:60:Infinity":14,"s:64:4:66:Infinity":15,"f:64:12:64:22":5,"s:65:6:65:Infinity":16,"f:70:22:70:36":6,"s:71:14:76:Infinity":17,"s:79:15:79:Infinity":18,"s:82:8:94:Infinity":19,"b:82:34:82:63:82:63:82:67":2,"f:82:67:82:72":7,"s:82:84:94:4":20,"b:83:21:83:39:83:39:83:41":3,"b:84:16:84:28:84:28:84:30":4,"b:85:20:85:40:85:40:85:56:85:56:85:58":5,"b:86:12:86:44:86:44:86:Infinity":6,"b:87:13:87:46:87:46:87:Infinity":7,"b:88:10:88:40:88:40:88:Infinity":8,"b:89:15:89:51:89:51:89:93:89:93:89:Infinity":9,"b:90:38:90:70:90:70:90:Infinity":10,"b:91:38:91:70:91:70:91:Infinity":11,"b:92:14:92:40:92:40:92:Infinity":12,"b:93:14:93:40:93:40:93:Infinity":13,"s:96:2:103:Infinity":21,"b:97:18:97:35:97:35:97:45":14,"b:98:22:98:43:98:43:98:45":15,"b:99:21:99:41:99:41:99:42":16,"b:100:19:100:39:100:39:100:58:100:58:100:60":17,"b:101:24:101:47:101:47:101:49":18,"f:106:22:106:Infinity":8,"s:111:2:111:Infinity":22,"s:112:8:112:Infinity":23,"s:114:15:122:Infinity":24,"s:124:21:124:Infinity":25,"s:126:2:144:Infinity":26,"f:126:30:126:37":9,"s:128:26:128:Infinity":27,"b:129:4:135:Infinity:undefined:undefined:undefined:undefined":19,"s:129:4:135:Infinity":28,"b:129:8:129:25:129:25:129:37":20,"s:130:6:134:Infinity":29,"b:131:28:131:48:131:48:131:51":21,"b:132:15:132:35:132:35:132:Infinity":22,"b:133:13:133:33:133:33:133:Infinity":23,"s:138:22:140:Infinity":30,"b:138:22:138:Infinity:139:9:139:Infinity:140:9:140:Infinity":24,"b:141:4:143:Infinity:undefined:undefined:undefined:undefined":25,"s:141:4:143:Infinity":31,"s:142:6:142:Infinity":32,"b:147:2:152:Infinity:undefined:undefined:undefined:undefined":26,"s:147:2:152:Infinity":33,"s:148:28:148:Infinity":34,"s:149:18:149:Infinity":35,"f:149:39:149:47":10,"s:149:53:149:76":36,"b:150:4:150:Infinity:undefined:undefined:undefined:undefined":27,"s:150:4:150:Infinity":37,"s:150:28:150:Infinity":38,"s:151:4:151:Infinity":39,"s:154:2:154:Infinity":40,"f:157:22:157:42":11,"s:158:15:158:Infinity":41,"s:159:2:159:Infinity":42},"fnNames":{}}}
,"/Users/sofiavicedomini/development/yt-downloader/src/lib/eviction.ts": {"path":"/Users/sofiavicedomini/development/yt-downloader/src/lib/eviction.ts","statementMap":{"0":{"start":{"line":5,"column":23},"end":{"line":5,"column":null}},"1":{"start":{"line":6,"column":21},"end":{"line":6,"column":null}},"2":{"start":{"line":7,"column":6},"end":{"line":7,"column":null}},"3":{"start":{"line":8,"column":24},"end":{"line":8,"column":null}},"4":{"start":{"line":9,"column":16},"end":{"line":9,"column":null}},"5":{"start":{"line":12,"column":2},"end":{"line":12,"column":null}},"6":{"start":{"line":12,"column":30},"end":{"line":12,"column":null}},"7":{"start":{"line":13,"column":14},"end":{"line":13,"column":null}},"8":{"start":{"line":14,"column":2},"end":{"line":28,"column":null}},"9":{"start":{"line":15,"column":4},"end":{"line":15,"column":null}},"10":{"start":{"line":15,"column":30},"end":{"line":15,"column":null}},"11":{"start":{"line":16,"column":10},"end":{"line":16,"column":null}},"12":{"start":{"line":17,"column":4},"end":{"line":27,"column":null}},"13":{"start":{"line":18,"column":6},"end":{"line":24,"column":null}},"14":{"start":{"line":19,"column":8},"end":{"line":23,"column":null}},"15":{"start":{"line":20,"column":10},"end":{"line":20,"column":null}},"16":{"start":{"line":29,"column":2},"end":{"line":29,"column":null}},"17":{"start":{"line":33,"column":8},"end":{"line":33,"column":null}},"18":{"start":{"line":34,"column":2},"end":{"line":38,"column":null}},"19":{"start":{"line":35,"column":4},"end":{"line":35,"column":null}},"20":{"start":{"line":42,"column":17},"end":{"line":42,"column":null}},"21":{"start":{"line":43,"column":18},"end":{"line":45,"column":null}},"22":{"start":{"line":47,"column":2},"end":{"line":49,"column":null}},"23":{"start":{"line":48,"column":4},"end":{"line":48,"column":null}},"24":{"start":{"line":51,"column":2},"end":{"line":55,"column":null}},"25":{"start":{"line":52,"column":4},"end":{"line":54,"column":null}},"26":{"start":{"line":57,"column":2},"end":{"line":57,"column":null}},"27":{"start":{"line":61,"column":20},"end":{"line":61,"column":null}},"28":{"start":{"line":62,"column":2},"end":{"line":62,"column":null}},"29":{"start":{"line":62,"column":38},"end":{"line":62,"column":null}},"30":{"start":{"line":64,"column":21},"end":{"line":66,"column":null}},"31":{"start":{"line":68,"column":16},"end":{"line":68,"column":null}},"32":{"start":{"line":69,"column":2},"end":{"line":75,"column":null}},"33":{"start":{"line":70,"column":4},"end":{"line":70,"column":null}},"34":{"start":{"line":70,"column":40},"end":{"line":70,"column":null}},"35":{"start":{"line":71,"column":4},"end":{"line":71,"column":null}},"36":{"start":{"line":72,"column":4},"end":{"line":72,"column":null}},"37":{"start":{"line":73,"column":4},"end":{"line":73,"column":null}},"38":{"start":{"line":74,"column":4},"end":{"line":74,"column":null}},"39":{"start":{"line":77,"column":2},"end":{"line":77,"column":null}},"40":{"start":{"line":81,"column":16},"end":{"line":81,"column":null}},"41":{"start":{"line":82,"column":17},"end":{"line":82,"column":null}},"42":{"start":{"line":83,"column":17},"end":{"line":83,"column":null}},"43":{"start":{"line":84,"column":2},"end":{"line":86,"column":null}},"44":{"start":{"line":85,"column":4},"end":{"line":85,"column":null}},"45":{"start":{"line":87,"column":2},"end":{"line":87,"column":null}},"46":{"start":{"line":91,"column":2},"end":{"line":91,"column":null}},"47":{"start":{"line":94,"column":59},"end":{"line":94,"column":null}},"48":{"start":{"line":97,"column":2},"end":{"line":97,"column":null}},"49":{"start":{"line":97,"column":21},"end":{"line":97,"column":null}},"50":{"start":{"line":99,"column":2},"end":{"line":99,"column":null}},"51":{"start":{"line":100,"column":2},"end":{"line":102,"column":null}},"52":{"start":{"line":101,"column":4},"end":{"line":101,"column":null}},"53":{"start":{"line":106,"column":2},"end":{"line":109,"column":null}},"54":{"start":{"line":107,"column":4},"end":{"line":107,"column":null}},"55":{"start":{"line":108,"column":4},"end":{"line":108,"column":null}}},"fnMap":{"0":{"name":"getCacheSizeBytes","decl":{"start":{"line":11,"column":9},"end":{"line":11,"column":37}},"loc":{"start":{"line":11,"column":37},"end":{"line":30,"column":null}},"line":11},"1":{"name":"deleteJobFiles","decl":{"start":{"line":32,"column":9},"end":{"line":32,"column":24}},"loc":{"start":{"line":32,"column":45},"end":{"line":39,"column":null}},"line":32},"2":{"name":"evictByTtl","decl":{"start":{"line":41,"column":9},"end":{"line":41,"column":30}},"loc":{"start":{"line":41,"column":30},"end":{"line":58,"column":null}},"line":41},"3":{"name":"evictBySize","decl":{"start":{"line":60,"column":9},"end":{"line":60,"column":31}},"loc":{"start":{"line":60,"column":31},"end":{"line":78,"column":null}},"line":60},"4":{"name":"runEviction","decl":{"start":{"line":80,"column":16},"end":{"line":80,"column":81}},"loc":{"start":{"line":80,"column":81},"end":{"line":88,"column":null}},"line":80},"5":{"name":"getDiskUsageGb","decl":{"start":{"line":90,"column":16},"end":{"line":90,"column":41}},"loc":{"start":{"line":90,"column":41},"end":{"line":92,"column":null}},"line":90},"6":{"name":"startEvictionCron","decl":{"start":{"line":96,"column":16},"end":{"line":96,"column":42}},"loc":{"start":{"line":96,"column":42},"end":{"line":103,"column":null}},"line":96},"7":{"name":"(anonymous_7)","decl":{"start":{"line":100,"column":18},"end":{"line":100,"column":36}},"loc":{"start":{"line":100,"column":36},"end":{"line":102,"column":5}},"line":100},"8":{"name":"stopEvictionCron","decl":{"start":{"line":105,"column":16},"end":{"line":105,"column":41}},"loc":{"start":{"line":105,"column":41},"end":{"line":110,"column":null}},"line":105}},"branchMap":{"0":{"loc":{"start":{"line":5,"column":32},"end":{"line":5,"column":68}},"type":"binary-expr","locations":[{"start":{"line":5,"column":32},"end":{"line":5,"column":65}},{"start":{"line":5,"column":65},"end":{"line":5,"column":68}}],"line":5},"1":{"loc":{"start":{"line":6,"column":30},"end":{"line":6,"column":65}},"type":"binary-expr","locations":[{"start":{"line":6,"column":30},"end":{"line":6,"column":61}},{"start":{"line":6,"column":61},"end":{"line":6,"column":65}}],"line":6},"2":{"loc":{"start":{"line":7,"column":26},"end":{"line":7,"column":63}},"type":"binary-expr","locations":[{"start":{"line":7,"column":26},"end":{"line":7,"column":54}},{"start":{"line":7,"column":54},"end":{"line":7,"column":63}}],"line":7},"3":{"loc":{"start":{"line":12,"column":2},"end":{"line":12,"column":null}},"type":"if","locations":[{"start":{"line":12,"column":2},"end":{"line":12,"column":null}},{"start":{},"end":{}}],"line":12},"4":{"loc":{"start":{"line":15,"column":4},"end":{"line":15,"column":null}},"type":"if","locations":[{"start":{"line":15,"column":4},"end":{"line":15,"column":null}},{"start":{},"end":{}}],"line":15},"5":{"loc":{"start":{"line":51,"column":2},"end":{"line":55,"column":null}},"type":"if","locations":[{"start":{"line":51,"column":2},"end":{"line":55,"column":null}},{"start":{},"end":{}}],"line":51},"6":{"loc":{"start":{"line":62,"column":2},"end":{"line":62,"column":null}},"type":"if","locations":[{"start":{"line":62,"column":2},"end":{"line":62,"column":null}},{"start":{},"end":{}}],"line":62},"7":{"loc":{"start":{"line":70,"column":4},"end":{"line":70,"column":null}},"type":"if","locations":[{"start":{"line":70,"column":4},"end":{"line":70,"column":null}},{"start":{},"end":{}}],"line":70},"8":{"loc":{"start":{"line":84,"column":2},"end":{"line":86,"column":null}},"type":"if","locations":[{"start":{"line":84,"column":2},"end":{"line":86,"column":null}},{"start":{},"end":{}}],"line":84},"9":{"loc":{"start":{"line":84,"column":6},"end":{"line":84,"column":31}},"type":"binary-expr","locations":[{"start":{"line":84,"column":6},"end":{"line":84,"column":19}},{"start":{"line":84,"column":19},"end":{"line":84,"column":31}}],"line":84},"10":{"loc":{"start":{"line":97,"column":2},"end":{"line":97,"column":null}},"type":"if","locations":[{"start":{"line":97,"column":2},"end":{"line":97,"column":null}},{"start":{},"end":{}}],"line":97},"11":{"loc":{"start":{"line":106,"column":2},"end":{"line":109,"column":null}},"type":"if","locations":[{"start":{"line":106,"column":2},"end":{"line":109,"column":null}},{"start":{},"end":{}}],"line":106}},"s":{"0":1,"1":1,"2":1,"3":1,"4":1,"5":25,"6":3,"7":22,"8":22,"9":1,"10":0,"11":1,"12":1,"13":1,"14":1,"15":1,"16":22,"17":5,"18":5,"19":5,"20":11,"21":11,"22":11,"23":4,"24":11,"25":3,"26":11,"27":11,"28":11,"29":10,"30":1,"31":1,"32":1,"33":1,"34":0,"35":1,"36":1,"37":1,"38":1,"39":1,"40":11,"41":11,"42":11,"43":11,"44":4,"45":11,"46":2,"47":1,"48":3,"49":1,"50":2,"51":2,"52":0,"53":3,"54":2,"55":2},"f":{"0":25,"1":5,"2":11,"3":11,"4":11,"5":2,"6":3,"7":0,"8":3},"b":{"0":[1,1],"1":[1,1],"2":[1,1],"3":[3,22],"4":[0,1],"5":[3,8],"6":[10,1],"7":[0,1],"8":[4,7],"9":[11,8],"10":[1,2],"11":[2,1]},"meta":{"lastBranch":12,"lastFunction":9,"lastStatement":56,"seen":{"s:5:23:5:Infinity":0,"b:5:32:5:65:5:65:5:68":0,"s:6:21:6:Infinity":1,"b:6:30:6:61:6:61:6:65":1,"s:7:6:7:Infinity":2,"b:7:26:7:54:7:54:7:63":2,"s:8:24:8:Infinity":3,"s:9:16:9:Infinity":4,"f:11:9:11:37":0,"b:12:2:12:Infinity:undefined:undefined:undefined:undefined":3,"s:12:2:12:Infinity":5,"s:12:30:12:Infinity":6,"s:13:14:13:Infinity":7,"s:14:2:28:Infinity":8,"b:15:4:15:Infinity:undefined:undefined:undefined:undefined":4,"s:15:4:15:Infinity":9,"s:15:30:15:Infinity":10,"s:16:10:16:Infinity":11,"s:17:4:27:Infinity":12,"s:18:6:24:Infinity":13,"s:19:8:23:Infinity":14,"s:20:10:20:Infinity":15,"s:29:2:29:Infinity":16,"f:32:9:32:24":1,"s:33:8:33:Infinity":17,"s:34:2:38:Infinity":18,"s:35:4:35:Infinity":19,"f:41:9:41:30":2,"s:42:17:42:Infinity":20,"s:43:18:45:Infinity":21,"s:47:2:49:Infinity":22,"s:48:4:48:Infinity":23,"b:51:2:55:Infinity:undefined:undefined:undefined:undefined":5,"s:51:2:55:Infinity":24,"s:52:4:54:Infinity":25,"s:57:2:57:Infinity":26,"f:60:9:60:31":3,"s:61:20:61:Infinity":27,"b:62:2:62:Infinity:undefined:undefined:undefined:undefined":6,"s:62:2:62:Infinity":28,"s:62:38:62:Infinity":29,"s:64:21:66:Infinity":30,"s:68:16:68:Infinity":31,"s:69:2:75:Infinity":32,"b:70:4:70:Infinity:undefined:undefined:undefined:undefined":7,"s:70:4:70:Infinity":33,"s:70:40:70:Infinity":34,"s:71:4:71:Infinity":35,"s:72:4:72:Infinity":36,"s:73:4:73:Infinity":37,"s:74:4:74:Infinity":38,"s:77:2:77:Infinity":39,"f:80:16:80:81":4,"s:81:16:81:Infinity":40,"s:82:17:82:Infinity":41,"s:83:17:83:Infinity":42,"b:84:2:86:Infinity:undefined:undefined:undefined:undefined":8,"s:84:2:86:Infinity":43,"b:84:6:84:19:84:19:84:31":9,"s:85:4:85:Infinity":44,"s:87:2:87:Infinity":45,"f:90:16:90:41":5,"s:91:2:91:Infinity":46,"s:94:59:94:Infinity":47,"f:96:16:96:42":6,"b:97:2:97:Infinity:undefined:undefined:undefined:undefined":10,"s:97:2:97:Infinity":48,"s:97:21:97:Infinity":49,"s:99:2:99:Infinity":50,"s:100:2:102:Infinity":51,"f:100:18:100:36":7,"s:101:4:101:Infinity":52,"f:105:16:105:41":8,"b:106:2:109:Infinity:undefined:undefined:undefined:undefined":11,"s:106:2:109:Infinity":53,"s:107:4:107:Infinity":54,"s:108:4:108:Infinity":55},"fnNames":{}}}
,"/Users/sofiavicedomini/development/yt-downloader/src/lib/gallery-dl.ts": {"path":"/Users/sofiavicedomini/development/yt-downloader/src/lib/gallery-dl.ts","statementMap":{"0":{"start":{"line":11,"column":2},"end":{"line":34,"column":null}},"1":{"start":{"line":12,"column":10},"end":{"line":12,"column":null}},"2":{"start":{"line":13,"column":17},"end":{"line":13,"column":null}},"3":{"start":{"line":14,"column":17},"end":{"line":14,"column":null}},"4":{"start":{"line":16,"column":4},"end":{"line":18,"column":null}},"5":{"start":{"line":17,"column":6},"end":{"line":17,"column":null}},"6":{"start":{"line":19,"column":4},"end":{"line":21,"column":null}},"7":{"start":{"line":20,"column":6},"end":{"line":20,"column":null}},"8":{"start":{"line":23,"column":4},"end":{"line":29,"column":null}},"9":{"start":{"line":24,"column":6},"end":{"line":28,"column":null}},"10":{"start":{"line":25,"column":8},"end":{"line":25,"column":null}},"11":{"start":{"line":27,"column":8},"end":{"line":27,"column":null}},"12":{"start":{"line":31,"column":4},"end":{"line":33,"column":null}},"13":{"start":{"line":32,"column":6},"end":{"line":32,"column":null}},"14":{"start":{"line":41,"column":2},"end":{"line":41,"column":null}},"15":{"start":{"line":43,"column":2},"end":{"line":48,"column":null}},"16":{"start":{"line":50,"column":8},"end":{"line":52,"column":null}},"17":{"start":{"line":51,"column":19},"end":{"line":51,"column":39}},"18":{"start":{"line":52,"column":10},"end":{"line":52,"column":35}},"19":{"start":{"line":54,"column":2},"end":{"line":54,"column":null}},"20":{"start":{"line":59,"column":12},"end":{"line":59,"column":null}},"21":{"start":{"line":60,"column":2},"end":{"line":62,"column":null}}},"fnMap":{"0":{"name":"runGalleryDl","decl":{"start":{"line":10,"column":9},"end":{"line":10,"column":22}},"loc":{"start":{"line":10,"column":55},"end":{"line":35,"column":null}},"line":10},"1":{"name":"(anonymous_1)","decl":{"start":{"line":11,"column":13},"end":{"line":11,"column":22}},"loc":{"start":{"line":11,"column":43},"end":{"line":34,"column":3}},"line":11},"2":{"name":"(anonymous_2)","decl":{"start":{"line":16,"column":19},"end":{"line":16,"column":28}},"loc":{"start":{"line":16,"column":42},"end":{"line":18,"column":5}},"line":16},"3":{"name":"(anonymous_3)","decl":{"start":{"line":19,"column":19},"end":{"line":19,"column":28}},"loc":{"start":{"line":19,"column":42},"end":{"line":21,"column":5}},"line":19},"4":{"name":"(anonymous_4)","decl":{"start":{"line":23,"column":12},"end":{"line":23,"column":22}},"loc":{"start":{"line":23,"column":31},"end":{"line":29,"column":5}},"line":23},"5":{"name":"(anonymous_5)","decl":{"start":{"line":31,"column":12},"end":{"line":31,"column":22}},"loc":{"start":{"line":31,"column":30},"end":{"line":33,"column":5}},"line":31},"6":{"name":"galleryDlDownload","decl":{"start":{"line":37,"column":22},"end":{"line":37,"column":null}},"loc":{"start":{"line":40,"column":28},"end":{"line":55,"column":null}},"line":40},"7":{"name":"(anonymous_7)","decl":{"start":{"line":51,"column":5},"end":{"line":51,"column":13}},"loc":{"start":{"line":51,"column":19},"end":{"line":51,"column":39}},"line":51},"8":{"name":"(anonymous_8)","decl":{"start":{"line":52,"column":5},"end":{"line":52,"column":10}},"loc":{"start":{"line":52,"column":10},"end":{"line":52,"column":35}},"line":52},"9":{"name":"isInstagramStoryOrPhoto","decl":{"start":{"line":57,"column":22},"end":{"line":57,"column":46}},"loc":{"start":{"line":57,"column":77},"end":{"line":64,"column":null}},"line":57}},"branchMap":{"0":{"loc":{"start":{"line":24,"column":6},"end":{"line":28,"column":null}},"type":"if","locations":[{"start":{"line":24,"column":6},"end":{"line":28,"column":null}},{"start":{"line":26,"column":13},"end":{"line":28,"column":null}}],"line":24},"1":{"loc":{"start":{"line":61,"column":4},"end":{"line":62,"column":null}},"type":"binary-expr","locations":[{"start":{"line":61,"column":4},"end":{"line":61,"column":null}},{"start":{"line":62,"column":4},"end":{"line":62,"column":null}}],"line":61}},"s":{"0":3,"1":3,"2":3,"3":3,"4":3,"5":0,"6":3,"7":0,"8":3,"9":3,"10":2,"11":1,"12":3,"13":0,"14":3,"15":3,"16":2,"17":6,"18":4,"19":2,"20":4,"21":4},"f":{"0":3,"1":3,"2":0,"3":0,"4":3,"5":0,"6":3,"7":6,"8":4,"9":4},"b":{"0":[2,1],"1":[4,3]},"meta":{"lastBranch":2,"lastFunction":10,"lastStatement":22,"seen":{"f:10:9:10:22":0,"s:11:2:34:Infinity":0,"f:11:13:11:22":1,"s:12:10:12:Infinity":1,"s:13:17:13:Infinity":2,"s:14:17:14:Infinity":3,"s:16:4:18:Infinity":4,"f:16:19:16:28":2,"s:17:6:17:Infinity":5,"s:19:4:21:Infinity":6,"f:19:19:19:28":3,"s:20:6:20:Infinity":7,"s:23:4:29:Infinity":8,"f:23:12:23:22":4,"b:24:6:28:Infinity:26:13:28:Infinity":0,"s:24:6:28:Infinity":9,"s:25:8:25:Infinity":10,"s:27:8:27:Infinity":11,"s:31:4:33:Infinity":12,"f:31:12:31:22":5,"s:32:6:32:Infinity":13,"f:37:22:37:Infinity":6,"s:41:2:41:Infinity":14,"s:43:2:48:Infinity":15,"s:50:8:52:Infinity":16,"f:51:5:51:13":7,"s:51:19:51:39":17,"f:52:5:52:10":8,"s:52:10:52:35":18,"s:54:2:54:Infinity":19,"f:57:22:57:46":9,"s:59:12:59:Infinity":20,"s:60:2:62:Infinity":21,"b:61:4:61:Infinity:62:4:62:Infinity":1},"fnNames":{}}}
,"/Users/sofiavicedomini/development/yt-downloader/src/lib/platform-detect.ts": {"path":"/Users/sofiavicedomini/development/yt-downloader/src/lib/platform-detect.ts","statementMap":{"0":{"start":{"line":12,"column":47},"end":{"line":43,"column":null}},"1":{"start":{"line":46,"column":2},"end":{"line":52,"column":null}},"2":{"start":{"line":47,"column":19},"end":{"line":47,"column":null}},"3":{"start":{"line":48,"column":21},"end":{"line":48,"column":null}},"4":{"start":{"line":49,"column":4},"end":{"line":49,"column":null}},"5":{"start":{"line":51,"column":4},"end":{"line":51,"column":null}},"6":{"start":{"line":56,"column":2},"end":{"line":61,"column":null}},"7":{"start":{"line":57,"column":19},"end":{"line":57,"column":null}},"8":{"start":{"line":58,"column":4},"end":{"line":58,"column":null}},"9":{"start":{"line":60,"column":4},"end":{"line":60,"column":null}},"10":{"start":{"line":65,"column":43},"end":{"line":75,"column":null}},"11":{"start":{"line":76,"column":2},"end":{"line":76,"column":null}}},"fnMap":{"0":{"name":"detectPlatform","decl":{"start":{"line":45,"column":16},"end":{"line":45,"column":31}},"loc":{"start":{"line":45,"column":54},"end":{"line":53,"column":null}},"line":45},"1":{"name":"isValidUrl","decl":{"start":{"line":55,"column":16},"end":{"line":55,"column":27}},"loc":{"start":{"line":55,"column":49},"end":{"line":62,"column":null}},"line":55},"2":{"name":"getPlatformLabel","decl":{"start":{"line":64,"column":16},"end":{"line":64,"column":33}},"loc":{"start":{"line":64,"column":61},"end":{"line":77,"column":null}},"line":64}},"branchMap":{"0":{"loc":{"start":{"line":49,"column":11},"end":{"line":49,"column":null}},"type":"binary-expr","locations":[{"start":{"line":49,"column":11},"end":{"line":49,"column":37}},{"start":{"line":49,"column":37},"end":{"line":49,"column":null}}],"line":49},"1":{"loc":{"start":{"line":58,"column":11},"end":{"line":58,"column":null}},"type":"binary-expr","locations":[{"start":{"line":58,"column":11},"end":{"line":58,"column":42}},{"start":{"line":58,"column":42},"end":{"line":58,"column":null}}],"line":58}},"s":{"0":2,"1":27,"2":27,"3":27,"4":27,"5":2,"6":6,"7":6,"8":6,"9":2,"10":4,"11":4},"f":{"0":27,"1":6,"2":4},"b":{"0":[27,1],"1":[6,3]},"meta":{"lastBranch":2,"lastFunction":3,"lastStatement":12,"seen":{"s:12:47:43:Infinity":0,"f:45:16:45:31":0,"s:46:2:52:Infinity":1,"s:47:19:47:Infinity":2,"s:48:21:48:Infinity":3,"s:49:4:49:Infinity":4,"b:49:11:49:37:49:37:49:Infinity":0,"s:51:4:51:Infinity":5,"f:55:16:55:27":1,"s:56:2:61:Infinity":6,"s:57:19:57:Infinity":7,"s:58:4:58:Infinity":8,"b:58:11:58:42:58:42:58:Infinity":1,"s:60:4:60:Infinity":9,"f:64:16:64:33":2,"s:65:43:75:Infinity":10,"s:76:2:76:Infinity":11},"fnNames":{}}}
,"/Users/sofiavicedomini/development/yt-downloader/src/lib/queue.ts": {"path":"/Users/sofiavicedomini/development/yt-downloader/src/lib/queue.ts","statementMap":{"0":{"start":{"line":41,"column":23},"end":{"line":41,"column":null}},"1":{"start":{"line":42,"column":6},"end":{"line":42,"column":null}},"2":{"start":{"line":44,"column":21},"end":{"line":44,"column":null}},"3":{"start":{"line":46,"column":20},"end":{"line":46,"column":null}},"4":{"start":{"line":47,"column":31},"end":{"line":47,"column":null}},"5":{"start":{"line":50,"column":20},"end":{"line":50,"column":null}},"6":{"start":{"line":51,"column":2},"end":{"line":51,"column":null}},"7":{"start":{"line":51,"column":18},"end":{"line":51,"column":null}},"8":{"start":{"line":52,"column":2},"end":{"line":52,"column":null}},"9":{"start":{"line":52,"column":30},"end":{"line":52,"column":null}},"10":{"start":{"line":56,"column":2},"end":{"line":56,"column":null}},"11":{"start":{"line":56,"column":32},"end":{"line":56,"column":null}},"12":{"start":{"line":57,"column":2},"end":{"line":57,"column":null}},"13":{"start":{"line":58,"column":2},"end":{"line":61,"column":null}},"14":{"start":{"line":59,"column":4},"end":{"line":59,"column":null}},"15":{"start":{"line":60,"column":4},"end":{"line":60,"column":null}},"16":{"start":{"line":60,"column":45},"end":{"line":60,"column":null}},"17":{"start":{"line":69,"column":15},"end":{"line":69,"column":null}},"18":{"start":{"line":70,"column":26},"end":{"line":70,"column":null}},"19":{"start":{"line":72,"column":2},"end":{"line":75,"column":null}},"20":{"start":{"line":73,"column":4},"end":{"line":73,"column":null}},"21":{"start":{"line":74,"column":4},"end":{"line":74,"column":null}},"22":{"start":{"line":76,"column":2},"end":{"line":79,"column":null}},"23":{"start":{"line":77,"column":4},"end":{"line":77,"column":null}},"24":{"start":{"line":78,"column":4},"end":{"line":78,"column":null}},"25":{"start":{"line":80,"column":2},"end":{"line":83,"column":null}},"26":{"start":{"line":81,"column":4},"end":{"line":81,"column":null}},"27":{"start":{"line":82,"column":4},"end":{"line":82,"column":null}},"28":{"start":{"line":85,"column":2},"end":{"line":85,"column":null}},"29":{"start":{"line":86,"column":2},"end":{"line":86,"column":null}},"30":{"start":{"line":90,"column":2},"end":{"line":90,"column":null}},"31":{"start":{"line":92,"column":2},"end":{"line":142,"column":null}},"32":{"start":{"line":93,"column":16},"end":{"line":93,"column":null}},"33":{"start":{"line":95,"column":4},"end":{"line":95,"column":null}},"34":{"start":{"line":95,"column":14},"end":{"line":95,"column":null}},"35":{"start":{"line":97,"column":10},"end":{"line":97,"column":null}},"36":{"start":{"line":100,"column":4},"end":{"line":100,"column":null}},"37":{"start":{"line":101,"column":4},"end":{"line":101,"column":null}},"38":{"start":{"line":103,"column":17},"end":{"line":103,"column":null}},"39":{"start":{"line":104,"column":4},"end":{"line":112,"column":null}},"40":{"start":{"line":113,"column":4},"end":{"line":113,"column":null}},"41":{"start":{"line":118,"column":6},"end":{"line":118,"column":null}},"42":{"start":{"line":120,"column":4},"end":{"line":131,"column":null}},"43":{"start":{"line":121,"column":21},"end":{"line":121,"column":null}},"44":{"start":{"line":122,"column":6},"end":{"line":122,"column":null}},"45":{"start":{"line":124,"column":6},"end":{"line":130,"column":null}},"46":{"start":{"line":125,"column":8},"end":{"line":129,"column":null}},"47":{"start":{"line":133,"column":4},"end":{"line":133,"column":null}},"48":{"start":{"line":134,"column":4},"end":{"line":134,"column":null}},"49":{"start":{"line":136,"column":16},"end":{"line":136,"column":null}},"50":{"start":{"line":137,"column":4},"end":{"line":137,"column":null}},"51":{"start":{"line":138,"column":4},"end":{"line":138,"column":null}},"52":{"start":{"line":140,"column":4},"end":{"line":140,"column":null}},"53":{"start":{"line":141,"column":4},"end":{"line":141,"column":null}},"54":{"start":{"line":146,"column":2},"end":{"line":151,"column":null}},"55":{"start":{"line":147,"column":19},"end":{"line":147,"column":null}},"56":{"start":{"line":148,"column":4},"end":{"line":150,"column":null}},"57":{"start":{"line":149,"column":6},"end":{"line":149,"column":null}},"58":{"start":{"line":155,"column":2},"end":{"line":159,"column":null}},"59":{"start":{"line":156,"column":4},"end":{"line":156,"column":null}},"60":{"start":{"line":158,"column":4},"end":{"line":158,"column":null}},"61":{"start":{"line":163,"column":8},"end":{"line":163,"column":null}},"62":{"start":{"line":164,"column":8},"end":{"line":164,"column":null}},"63":{"start":{"line":166,"column":2},"end":{"line":169,"column":null}},"64":{"start":{"line":171,"column":2},"end":{"line":171,"column":null}},"65":{"start":{"line":172,"column":2},"end":{"line":172,"column":null}},"66":{"start":{"line":176,"column":14},"end":{"line":176,"column":null}},"67":{"start":{"line":178,"column":2},"end":{"line":178,"column":null}},"68":{"start":{"line":178,"column":12},"end":{"line":178,"column":null}},"69":{"start":{"line":180,"column":2},"end":{"line":192,"column":null}},"70":{"start":{"line":198,"column":2},"end":{"line":208,"column":null}},"71":{"start":{"line":202,"column":16},"end":{"line":208,"column":4}},"72":{"start":{"line":213,"column":16},"end":{"line":215,"column":null}},"73":{"start":{"line":217,"column":2},"end":{"line":220,"column":null}},"74":{"start":{"line":218,"column":4},"end":{"line":218,"column":null}},"75":{"start":{"line":219,"column":4},"end":{"line":219,"column":null}}},"fnMap":{"0":{"name":"emit","decl":{"start":{"line":49,"column":9},"end":{"line":49,"column":14}},"loc":{"start":{"line":49,"column":52},"end":{"line":53,"column":null}},"line":49},"1":{"name":"subscribeSSE","decl":{"start":{"line":55,"column":16},"end":{"line":55,"column":29}},"loc":{"start":{"line":55,"column":79},"end":{"line":62,"column":null}},"line":55},"2":{"name":"(anonymous_2)","decl":{"start":{"line":58,"column":2},"end":{"line":58,"column":15}},"loc":{"start":{"line":58,"column":15},"end":{"line":61,"column":null}},"line":58},"3":{"name":"setJobStatus","decl":{"start":{"line":64,"column":9},"end":{"line":64,"column":null}},"loc":{"start":{"line":68,"column":8},"end":{"line":87,"column":null}},"line":68},"4":{"name":"processJob","decl":{"start":{"line":89,"column":15},"end":{"line":89,"column":26}},"loc":{"start":{"line":89,"column":56},"end":{"line":143,"column":null}},"line":89},"5":{"name":"(anonymous_5)","decl":{"start":{"line":124,"column":53},"end":{"line":124,"column":63}},"loc":{"start":{"line":124,"column":76},"end":{"line":130,"column":7}},"line":124},"6":{"name":"drainQueue","decl":{"start":{"line":145,"column":9},"end":{"line":145,"column":28}},"loc":{"start":{"line":145,"column":28},"end":{"line":152,"column":null}},"line":145},"7":{"name":"enqueueJob","decl":{"start":{"line":154,"column":16},"end":{"line":154,"column":27}},"loc":{"start":{"line":154,"column":48},"end":{"line":160,"column":null}},"line":154},"8":{"name":"createJob","decl":{"start":{"line":162,"column":16},"end":{"line":162,"column":26}},"loc":{"start":{"line":162,"column":66},"end":{"line":173,"column":null}},"line":162},"9":{"name":"getJob","decl":{"start":{"line":175,"column":16},"end":{"line":175,"column":23}},"loc":{"start":{"line":175,"column":47},"end":{"line":193,"column":null}},"line":175},"10":{"name":"getJobOutputs","decl":{"start":{"line":195,"column":16},"end":{"line":195,"column":null}},"loc":{"start":{"line":197,"column":99},"end":{"line":209,"column":null}},"line":197},"11":{"name":"(anonymous_11)","decl":{"start":{"line":202,"column":4},"end":{"line":202,"column":9}},"loc":{"start":{"line":202,"column":16},"end":{"line":208,"column":4}},"line":202},"12":{"name":"recoverStaleJobs","decl":{"start":{"line":212,"column":16},"end":{"line":212,"column":41}},"loc":{"start":{"line":212,"column":41},"end":{"line":221,"column":null}},"line":212}},"branchMap":{"0":{"loc":{"start":{"line":41,"column":32},"end":{"line":41,"column":68}},"type":"binary-expr","locations":[{"start":{"line":41,"column":32},"end":{"line":41,"column":65}},{"start":{"line":41,"column":65},"end":{"line":41,"column":68}}],"line":41},"1":{"loc":{"start":{"line":42,"column":26},"end":{"line":42,"column":63}},"type":"binary-expr","locations":[{"start":{"line":42,"column":26},"end":{"line":42,"column":54}},{"start":{"line":42,"column":54},"end":{"line":42,"column":63}}],"line":42},"2":{"loc":{"start":{"line":51,"column":2},"end":{"line":51,"column":null}},"type":"if","locations":[{"start":{"line":51,"column":2},"end":{"line":51,"column":null}},{"start":{},"end":{}}],"line":51},"3":{"loc":{"start":{"line":56,"column":2},"end":{"line":56,"column":null}},"type":"if","locations":[{"start":{"line":56,"column":2},"end":{"line":56,"column":null}},{"start":{},"end":{}}],"line":56},"4":{"loc":{"start":{"line":60,"column":4},"end":{"line":60,"column":null}},"type":"if","locations":[{"start":{"line":60,"column":4},"end":{"line":60,"column":null}},{"start":{},"end":{}}],"line":60},"5":{"loc":{"start":{"line":67,"column":2},"end":{"line":67,"column":null}},"type":"default-arg","locations":[{"start":{"line":67,"column":91},"end":{"line":67,"column":null}}],"line":67},"6":{"loc":{"start":{"line":72,"column":2},"end":{"line":75,"column":null}},"type":"if","locations":[{"start":{"line":72,"column":2},"end":{"line":75,"column":null}},{"start":{},"end":{}}],"line":72},"7":{"loc":{"start":{"line":76,"column":2},"end":{"line":79,"column":null}},"type":"if","locations":[{"start":{"line":76,"column":2},"end":{"line":79,"column":null}},{"start":{},"end":{}}],"line":76},"8":{"loc":{"start":{"line":80,"column":2},"end":{"line":83,"column":null}},"type":"if","locations":[{"start":{"line":80,"column":2},"end":{"line":83,"column":null}},{"start":{},"end":{}}],"line":80},"9":{"loc":{"start":{"line":95,"column":4},"end":{"line":95,"column":null}},"type":"if","locations":[{"start":{"line":95,"column":4},"end":{"line":95,"column":null}},{"start":{},"end":{}}],"line":95},"10":{"loc":{"start":{"line":118,"column":6},"end":{"line":118,"column":null}},"type":"binary-expr","locations":[{"start":{"line":118,"column":6},"end":{"line":118,"column":39}},{"start":{"line":118,"column":39},"end":{"line":118,"column":null}}],"line":118},"11":{"loc":{"start":{"line":120,"column":4},"end":{"line":131,"column":null}},"type":"if","locations":[{"start":{"line":120,"column":4},"end":{"line":131,"column":null}},{"start":{"line":123,"column":11},"end":{"line":131,"column":null}}],"line":120},"12":{"loc":{"start":{"line":122,"column":23},"end":{"line":122,"column":null}},"type":"binary-expr","locations":[{"start":{"line":122,"column":23},"end":{"line":122,"column":42}},{"start":{"line":122,"column":42},"end":{"line":122,"column":null}}],"line":122},"13":{"loc":{"start":{"line":136,"column":16},"end":{"line":136,"column":null}},"type":"cond-expr","locations":[{"start":{"line":136,"column":39},"end":{"line":136,"column":53}},{"start":{"line":136,"column":53},"end":{"line":136,"column":null}}],"line":136},"14":{"loc":{"start":{"line":146,"column":9},"end":{"line":146,"column":68}},"type":"binary-expr","locations":[{"start":{"line":146,"column":9},"end":{"line":146,"column":43}},{"start":{"line":146,"column":43},"end":{"line":146,"column":68}}],"line":146},"15":{"loc":{"start":{"line":148,"column":4},"end":{"line":150,"column":null}},"type":"if","locations":[{"start":{"line":148,"column":4},"end":{"line":150,"column":null}},{"start":{},"end":{}}],"line":148},"16":{"loc":{"start":{"line":155,"column":2},"end":{"line":159,"column":null}},"type":"if","locations":[{"start":{"line":155,"column":2},"end":{"line":159,"column":null}},{"start":{"line":157,"column":9},"end":{"line":159,"column":null}}],"line":155},"17":{"loc":{"start":{"line":178,"column":2},"end":{"line":178,"column":null}},"type":"if","locations":[{"start":{"line":178,"column":2},"end":{"line":178,"column":null}},{"start":{},"end":{}}],"line":178},"18":{"loc":{"start":{"line":185,"column":9},"end":{"line":185,"column":null}},"type":"binary-expr","locations":[{"start":{"line":185,"column":9},"end":{"line":185,"column":40}},{"start":{"line":185,"column":40},"end":{"line":185,"column":null}}],"line":185},"19":{"loc":{"start":{"line":186,"column":19},"end":{"line":186,"column":null}},"type":"binary-expr","locations":[{"start":{"line":186,"column":19},"end":{"line":186,"column":61}},{"start":{"line":186,"column":61},"end":{"line":186,"column":null}}],"line":186},"20":{"loc":{"start":{"line":187,"column":14},"end":{"line":189,"column":null}},"type":"cond-expr","locations":[{"start":{"line":188,"column":9},"end":{"line":188,"column":null}},{"start":{"line":189,"column":8},"end":{"line":189,"column":null}}],"line":187},"21":{"loc":{"start":{"line":190,"column":21},"end":{"line":190,"column":null}},"type":"binary-expr","locations":[{"start":{"line":190,"column":21},"end":{"line":190,"column":66}},{"start":{"line":190,"column":66},"end":{"line":190,"column":null}}],"line":190}},"s":{"0":1,"1":1,"2":1,"3":1,"4":1,"5":0,"6":0,"7":0,"8":0,"9":0,"10":2,"11":2,"12":2,"13":2,"14":3,"15":3,"16":2,"17":2,"18":2,"19":2,"20":0,"21":0,"22":2,"23":0,"24":0,"25":2,"26":0,"27":0,"28":2,"29":2,"30":6,"31":6,"32":6,"33":6,"34":6,"35":0,"36":0,"37":0,"38":0,"39":0,"40":0,"41":0,"42":0,"43":0,"44":0,"45":0,"46":0,"47":0,"48":0,"49":0,"50":0,"51":0,"52":6,"53":6,"54":6,"55":0,"56":0,"57":0,"58":6,"59":6,"60":0,"61":4,"62":4,"63":4,"64":4,"65":4,"66":5,"67":5,"68":1,"69":4,"70":5,"71":5,"72":2,"73":2,"74":2,"75":2},"f":{"0":0,"1":2,"2":3,"3":2,"4":6,"5":0,"6":6,"7":6,"8":4,"9":5,"10":5,"11":5,"12":2},"b":{"0":[1,1],"1":[1,1],"2":[0,0],"3":[2,0],"4":[2,1],"5":[2],"6":[0,2],"7":[0,2],"8":[0,2],"9":[6,0],"10":[0,0],"11":[0,0],"12":[0,0],"13":[0,0],"14":[6,6],"15":[0,0],"16":[6,0],"17":[1,4],"18":[4,3],"19":[5,3],"20":[1,3],"21":[5,3]},"meta":{"lastBranch":22,"lastFunction":13,"lastStatement":76,"seen":{"s:41:23:41:Infinity":0,"b:41:32:41:65:41:65:41:68":0,"s:42:6:42:Infinity":1,"b:42:26:42:54:42:54:42:63":1,"s:44:21:44:Infinity":2,"s:46:20:46:Infinity":3,"s:47:31:47:Infinity":4,"f:49:9:49:14":0,"s:50:20:50:Infinity":5,"b:51:2:51:Infinity:undefined:undefined:undefined:undefined":2,"s:51:2:51:Infinity":6,"s:51:18:51:Infinity":7,"s:52:2:52:Infinity":8,"s:52:30:52:Infinity":9,"f:55:16:55:29":1,"b:56:2:56:Infinity:undefined:undefined:undefined:undefined":3,"s:56:2:56:Infinity":10,"s:56:32:56:Infinity":11,"s:57:2:57:Infinity":12,"s:58:2:61:Infinity":13,"f:58:2:58:15":2,"s:59:4:59:Infinity":14,"b:60:4:60:Infinity:undefined:undefined:undefined:undefined":4,"s:60:4:60:Infinity":15,"s:60:45:60:Infinity":16,"f:64:9:64:Infinity":3,"b:67:91:67:Infinity":5,"s:69:15:69:Infinity":17,"s:70:26:70:Infinity":18,"b:72:2:75:Infinity:undefined:undefined:undefined:undefined":6,"s:72:2:75:Infinity":19,"s:73:4:73:Infinity":20,"s:74:4:74:Infinity":21,"b:76:2:79:Infinity:undefined:undefined:undefined:undefined":7,"s:76:2:79:Infinity":22,"s:77:4:77:Infinity":23,"s:78:4:78:Infinity":24,"b:80:2:83:Infinity:undefined:undefined:undefined:undefined":8,"s:80:2:83:Infinity":25,"s:81:4:81:Infinity":26,"s:82:4:82:Infinity":27,"s:85:2:85:Infinity":28,"s:86:2:86:Infinity":29,"f:89:15:89:26":4,"s:90:2:90:Infinity":30,"s:92:2:142:Infinity":31,"s:93:16:93:Infinity":32,"b:95:4:95:Infinity:undefined:undefined:undefined:undefined":9,"s:95:4:95:Infinity":33,"s:95:14:95:Infinity":34,"s:97:10:97:Infinity":35,"s:100:4:100:Infinity":36,"s:101:4:101:Infinity":37,"s:103:17:103:Infinity":38,"s:104:4:112:Infinity":39,"s:113:4:113:Infinity":40,"s:118:6:118:Infinity":41,"b:118:6:118:39:118:39:118:Infinity":10,"b:120:4:131:Infinity:123:11:131:Infinity":11,"s:120:4:131:Infinity":42,"s:121:21:121:Infinity":43,"s:122:6:122:Infinity":44,"b:122:23:122:42:122:42:122:Infinity":12,"s:124:6:130:Infinity":45,"f:124:53:124:63":5,"s:125:8:129:Infinity":46,"s:133:4:133:Infinity":47,"s:134:4:134:Infinity":48,"s:136:16:136:Infinity":49,"b:136:39:136:53:136:53:136:Infinity":13,"s:137:4:137:Infinity":50,"s:138:4:138:Infinity":51,"s:140:4:140:Infinity":52,"s:141:4:141:Infinity":53,"f:145:9:145:28":6,"s:146:2:151:Infinity":54,"b:146:9:146:43:146:43:146:68":14,"s:147:19:147:Infinity":55,"b:148:4:150:Infinity:undefined:undefined:undefined:undefined":15,"s:148:4:150:Infinity":56,"s:149:6:149:Infinity":57,"f:154:16:154:27":7,"b:155:2:159:Infinity:157:9:159:Infinity":16,"s:155:2:159:Infinity":58,"s:156:4:156:Infinity":59,"s:158:4:158:Infinity":60,"f:162:16:162:26":8,"s:163:8:163:Infinity":61,"s:164:8:164:Infinity":62,"s:166:2:169:Infinity":63,"s:171:2:171:Infinity":64,"s:172:2:172:Infinity":65,"f:175:16:175:23":9,"s:176:14:176:Infinity":66,"b:178:2:178:Infinity:undefined:undefined:undefined:undefined":17,"s:178:2:178:Infinity":67,"s:178:12:178:Infinity":68,"s:180:2:192:Infinity":69,"b:185:9:185:40:185:40:185:Infinity":18,"b:186:19:186:61:186:61:186:Infinity":19,"b:188:9:188:Infinity:189:8:189:Infinity":20,"b:190:21:190:66:190:66:190:Infinity":21,"f:195:16:195:Infinity":10,"s:198:2:208:Infinity":70,"f:202:4:202:9":11,"s:202:16:208:4":71,"f:212:16:212:41":12,"s:213:16:215:Infinity":72,"s:217:2:220:Infinity":73,"s:218:4:218:Infinity":74,"s:219:4:219:Infinity":75},"fnNames":{}}}
,"/Users/sofiavicedomini/development/yt-downloader/src/lib/ratelimit.ts": {"path":"/Users/sofiavicedomini/development/yt-downloader/src/lib/ratelimit.ts","statementMap":{"0":{"start":{"line":3,"column":31},"end":{"line":3,"column":null}},"1":{"start":{"line":4,"column":31},"end":{"line":4,"column":null}},"2":{"start":{"line":5,"column":16},"end":{"line":5,"column":null}},"3":{"start":{"line":12,"column":18},"end":{"line":12,"column":null}},"4":{"start":{"line":15,"column":14},"end":{"line":15,"column":null}},"5":{"start":{"line":16,"column":15},"end":{"line":16,"column":null}},"6":{"start":{"line":17,"column":2},"end":{"line":20,"column":null}},"7":{"start":{"line":18,"column":4},"end":{"line":18,"column":null}},"8":{"start":{"line":19,"column":4},"end":{"line":19,"column":null}},"9":{"start":{"line":21,"column":2},"end":{"line":21,"column":null}},"10":{"start":{"line":25,"column":16},"end":{"line":25,"column":null}},"11":{"start":{"line":27,"column":2},"end":{"line":27,"column":null}},"12":{"start":{"line":27,"column":31},"end":{"line":27,"column":null}},"13":{"start":{"line":28,"column":14},"end":{"line":28,"column":null}},"14":{"start":{"line":29,"column":2},"end":{"line":31,"column":null}},"15":{"start":{"line":30,"column":4},"end":{"line":30,"column":null}},"16":{"start":{"line":30,"column":31},"end":{"line":30,"column":null}},"17":{"start":{"line":35,"column":14},"end":{"line":37,"column":null}},"18":{"start":{"line":38,"column":2},"end":{"line":38,"column":null}},"19":{"start":{"line":43,"column":4},"end":{"line":43,"column":null}},"20":{"start":{"line":44,"column":4},"end":{"line":44,"column":null}},"21":{"start":{"line":49,"column":2},"end":{"line":49,"column":null}},"22":{"start":{"line":51,"column":16},"end":{"line":51,"column":null}},"23":{"start":{"line":52,"column":2},"end":{"line":56,"column":null}},"24":{"start":{"line":53,"column":4},"end":{"line":55,"column":null}},"25":{"start":{"line":58,"column":17},"end":{"line":58,"column":null}},"26":{"start":{"line":59,"column":2},"end":{"line":63,"column":null}},"27":{"start":{"line":60,"column":4},"end":{"line":62,"column":null}},"28":{"start":{"line":65,"column":2},"end":{"line":65,"column":null}},"29":{"start":{"line":69,"column":17},"end":{"line":69,"column":null}},"30":{"start":{"line":70,"column":2},"end":{"line":73,"column":null}}},"fnMap":{"0":{"name":"getBucket","decl":{"start":{"line":14,"column":9},"end":{"line":14,"column":19}},"loc":{"start":{"line":14,"column":41},"end":{"line":22,"column":null}},"line":14},"1":{"name":"maybeCleanup","decl":{"start":{"line":26,"column":9},"end":{"line":26,"column":30}},"loc":{"start":{"line":26,"column":30},"end":{"line":32,"column":null}},"line":26},"2":{"name":"getQueueDepth","decl":{"start":{"line":34,"column":16},"end":{"line":34,"column":40}},"loc":{"start":{"line":34,"column":40},"end":{"line":39,"column":null}},"line":34},"3":{"name":"constructor","decl":{"start":{"line":42,"column":2},"end":{"line":42,"column":14}},"loc":{"start":{"line":42,"column":30},"end":{"line":45,"column":null}},"line":42},"4":{"name":"checkRateLimit","decl":{"start":{"line":48,"column":16},"end":{"line":48,"column":31}},"loc":{"start":{"line":48,"column":49},"end":{"line":66,"column":null}},"line":48},"5":{"name":"getRateLimitStatus","decl":{"start":{"line":68,"column":16},"end":{"line":68,"column":35}},"loc":{"start":{"line":68,"column":87},"end":{"line":74,"column":null}},"line":68}},"branchMap":{"0":{"loc":{"start":{"line":3,"column":40},"end":{"line":3,"column":85}},"type":"binary-expr","locations":[{"start":{"line":3,"column":40},"end":{"line":3,"column":81}},{"start":{"line":3,"column":81},"end":{"line":3,"column":85}}],"line":3},"1":{"loc":{"start":{"line":4,"column":40},"end":{"line":4,"column":85}},"type":"binary-expr","locations":[{"start":{"line":4,"column":40},"end":{"line":4,"column":81}},{"start":{"line":4,"column":81},"end":{"line":4,"column":85}}],"line":4},"2":{"loc":{"start":{"line":17,"column":2},"end":{"line":20,"column":null}},"type":"if","locations":[{"start":{"line":17,"column":2},"end":{"line":20,"column":null}},{"start":{},"end":{}}],"line":17},"3":{"loc":{"start":{"line":17,"column":6},"end":{"line":17,"column":40}},"type":"binary-expr","locations":[{"start":{"line":17,"column":6},"end":{"line":17,"column":17}},{"start":{"line":17,"column":17},"end":{"line":17,"column":40}}],"line":17},"4":{"loc":{"start":{"line":27,"column":2},"end":{"line":27,"column":null}},"type":"if","locations":[{"start":{"line":27,"column":2},"end":{"line":27,"column":null}},{"start":{},"end":{}}],"line":27},"5":{"loc":{"start":{"line":30,"column":4},"end":{"line":30,"column":null}},"type":"if","locations":[{"start":{"line":30,"column":4},"end":{"line":30,"column":null}},{"start":{},"end":{}}],"line":30},"6":{"loc":{"start":{"line":52,"column":2},"end":{"line":56,"column":null}},"type":"if","locations":[{"start":{"line":52,"column":2},"end":{"line":56,"column":null}},{"start":{},"end":{}}],"line":52},"7":{"loc":{"start":{"line":59,"column":2},"end":{"line":63,"column":null}},"type":"if","locations":[{"start":{"line":59,"column":2},"end":{"line":63,"column":null}},{"start":{},"end":{}}],"line":59}},"s":{"0":1,"1":1,"2":1,"3":1,"4":5,"5":5,"6":5,"7":3,"8":3,"9":5,"10":1,"11":4,"12":4,"13":0,"14":0,"15":0,"16":0,"17":4,"18":4,"19":2,"20":2,"21":4,"22":4,"23":4,"24":2,"25":2,"26":2,"27":0,"28":2,"29":3,"30":3},"f":{"0":5,"1":4,"2":4,"3":2,"4":4,"5":3},"b":{"0":[1,1],"1":[1,1],"2":[3,2],"3":[5,2],"4":[4,0],"5":[0,0],"6":[2,2],"7":[0,2]},"meta":{"lastBranch":8,"lastFunction":6,"lastStatement":31,"seen":{"s:3:31:3:Infinity":0,"b:3:40:3:81:3:81:3:85":0,"s:4:31:4:Infinity":1,"b:4:40:4:81:4:81:4:85":1,"s:5:16:5:Infinity":2,"s:12:18:12:Infinity":3,"f:14:9:14:19":0,"s:15:14:15:Infinity":4,"s:16:15:16:Infinity":5,"b:17:2:20:Infinity:undefined:undefined:undefined:undefined":2,"s:17:2:20:Infinity":6,"b:17:6:17:17:17:17:17:40":3,"s:18:4:18:Infinity":7,"s:19:4:19:Infinity":8,"s:21:2:21:Infinity":9,"s:25:16:25:Infinity":10,"f:26:9:26:30":1,"b:27:2:27:Infinity:undefined:undefined:undefined:undefined":4,"s:27:2:27:Infinity":11,"s:27:31:27:Infinity":12,"s:28:14:28:Infinity":13,"s:29:2:31:Infinity":14,"b:30:4:30:Infinity:undefined:undefined:undefined:undefined":5,"s:30:4:30:Infinity":15,"s:30:31:30:Infinity":16,"f:34:16:34:40":2,"s:35:14:37:Infinity":17,"s:38:2:38:Infinity":18,"f:42:2:42:14":3,"s:43:4:43:Infinity":19,"s:44:4:44:Infinity":20,"f:48:16:48:31":4,"s:49:2:49:Infinity":21,"s:51:16:51:Infinity":22,"b:52:2:56:Infinity:undefined:undefined:undefined:undefined":6,"s:52:2:56:Infinity":23,"s:53:4:55:Infinity":24,"s:58:17:58:Infinity":25,"b:59:2:63:Infinity:undefined:undefined:undefined:undefined":7,"s:59:2:63:Infinity":26,"s:60:4:62:Infinity":27,"s:65:2:65:Infinity":28,"f:68:16:68:35":5,"s:69:17:69:Infinity":29,"s:70:2:73:Infinity":30},"fnNames":{}}}
,"/Users/sofiavicedomini/development/yt-downloader/src/lib/transcoder.ts": {"path":"/Users/sofiavicedomini/development/yt-downloader/src/lib/transcoder.ts","statementMap":{"0":{"start":{"line":5,"column":19},"end":{"line":5,"column":null}},"1":{"start":{"line":13,"column":50},"end":{"line":20,"column":null}},"2":{"start":{"line":22,"column":52},"end":{"line":27,"column":null}},"3":{"start":{"line":35,"column":12},"end":{"line":35,"column":null}},"4":{"start":{"line":36,"column":2},"end":{"line":36,"column":null}},"5":{"start":{"line":36,"column":10},"end":{"line":36,"column":null}},"6":{"start":{"line":37,"column":2},"end":{"line":37,"column":null}},"7":{"start":{"line":41,"column":12},"end":{"line":41,"column":null}},"8":{"start":{"line":42,"column":2},"end":{"line":42,"column":null}},"9":{"start":{"line":42,"column":10},"end":{"line":42,"column":null}},"10":{"start":{"line":43,"column":2},"end":{"line":43,"column":null}},"11":{"start":{"line":47,"column":2},"end":{"line":47,"column":null}},"12":{"start":{"line":57,"column":2},"end":{"line":57,"column":null}},"13":{"start":{"line":57,"column":30},"end":{"line":57,"column":null}},"14":{"start":{"line":59,"column":2},"end":{"line":59,"column":null}},"15":{"start":{"line":61,"column":25},"end":{"line":61,"column":null}},"16":{"start":{"line":63,"column":2},"end":{"line":78,"column":null}},"17":{"start":{"line":64,"column":22},"end":{"line":64,"column":null}},"18":{"start":{"line":65,"column":4},"end":{"line":65,"column":null}},"19":{"start":{"line":67,"column":18},"end":{"line":67,"column":null}},"20":{"start":{"line":68,"column":4},"end":{"line":68,"column":null}},"21":{"start":{"line":68,"column":15},"end":{"line":68,"column":null}},"22":{"start":{"line":69,"column":4},"end":{"line":69,"column":null}},"23":{"start":{"line":70,"column":4},"end":{"line":70,"column":null}},"24":{"start":{"line":71,"column":4},"end":{"line":77,"column":null}},"25":{"start":{"line":73,"column":20},"end":{"line":73,"column":null}},"26":{"start":{"line":74,"column":6},"end":{"line":74,"column":null}},"27":{"start":{"line":75,"column":23},"end":{"line":75,"column":null}},"28":{"start":{"line":76,"column":6},"end":{"line":76,"column":null}},"29":{"start":{"line":80,"column":2},"end":{"line":80,"column":null}},"30":{"start":{"line":82,"column":2},"end":{"line":118,"column":null}},"31":{"start":{"line":83,"column":10},"end":{"line":83,"column":null}},"32":{"start":{"line":84,"column":38},"end":{"line":84,"column":null}},"33":{"start":{"line":85,"column":17},"end":{"line":85,"column":null}},"34":{"start":{"line":87,"column":4},"end":{"line":104,"column":null}},"35":{"start":{"line":88,"column":20},"end":{"line":88,"column":null}},"36":{"start":{"line":89,"column":6},"end":{"line":89,"column":null}},"37":{"start":{"line":91,"column":6},"end":{"line":93,"column":null}},"38":{"start":{"line":92,"column":8},"end":{"line":92,"column":null}},"39":{"start":{"line":95,"column":6},"end":{"line":103,"column":null}},"40":{"start":{"line":96,"column":24},"end":{"line":96,"column":null}},"41":{"start":{"line":97,"column":8},"end":{"line":102,"column":null}},"42":{"start":{"line":98,"column":10},"end":{"line":101,"column":null}},"43":{"start":{"line":106,"column":4},"end":{"line":113,"column":null}},"44":{"start":{"line":107,"column":6},"end":{"line":112,"column":null}},"45":{"start":{"line":108,"column":8},"end":{"line":108,"column":null}},"46":{"start":{"line":109,"column":8},"end":{"line":109,"column":null}},"47":{"start":{"line":111,"column":8},"end":{"line":111,"column":null}},"48":{"start":{"line":115,"column":4},"end":{"line":117,"column":null}},"49":{"start":{"line":116,"column":6},"end":{"line":116,"column":null}}},"fnMap":{"0":{"name":"parseDuration","decl":{"start":{"line":34,"column":9},"end":{"line":34,"column":23}},"loc":{"start":{"line":34,"column":52},"end":{"line":38,"column":null}},"line":34},"1":{"name":"parseTime","decl":{"start":{"line":40,"column":9},"end":{"line":40,"column":19}},"loc":{"start":{"line":40,"column":48},"end":{"line":44,"column":null}},"line":40},"2":{"name":"isAudioFormat","decl":{"start":{"line":46,"column":16},"end":{"line":46,"column":30}},"loc":{"start":{"line":46,"column":75},"end":{"line":48,"column":null}},"line":46},"3":{"name":"transcode","decl":{"start":{"line":50,"column":22},"end":{"line":50,"column":null}},"loc":{"start":{"line":56,"column":17},"end":{"line":119,"column":null}},"line":56},"4":{"name":"(anonymous_4)","decl":{"start":{"line":82,"column":12},"end":{"line":82,"column":27}},"loc":{"start":{"line":82,"column":47},"end":{"line":118,"column":3}},"line":82},"5":{"name":"(anonymous_5)","decl":{"start":{"line":87,"column":19},"end":{"line":87,"column":28}},"loc":{"start":{"line":87,"column":42},"end":{"line":104,"column":5}},"line":87},"6":{"name":"(anonymous_6)","decl":{"start":{"line":106,"column":12},"end":{"line":106,"column":22}},"loc":{"start":{"line":106,"column":31},"end":{"line":113,"column":5}},"line":106},"7":{"name":"(anonymous_7)","decl":{"start":{"line":115,"column":12},"end":{"line":115,"column":22}},"loc":{"start":{"line":115,"column":30},"end":{"line":117,"column":5}},"line":115}},"branchMap":{"0":{"loc":{"start":{"line":5,"column":19},"end":{"line":5,"column":null}},"type":"binary-expr","locations":[{"start":{"line":5,"column":19},"end":{"line":5,"column":49}},{"start":{"line":5,"column":49},"end":{"line":5,"column":null}}],"line":5},"1":{"loc":{"start":{"line":36,"column":2},"end":{"line":36,"column":null}},"type":"if","locations":[{"start":{"line":36,"column":2},"end":{"line":36,"column":null}},{"start":{},"end":{}}],"line":36},"2":{"loc":{"start":{"line":42,"column":2},"end":{"line":42,"column":null}},"type":"if","locations":[{"start":{"line":42,"column":2},"end":{"line":42,"column":null}},{"start":{},"end":{}}],"line":42},"3":{"loc":{"start":{"line":57,"column":2},"end":{"line":57,"column":null}},"type":"if","locations":[{"start":{"line":57,"column":2},"end":{"line":57,"column":null}},{"start":{},"end":{}}],"line":57},"4":{"loc":{"start":{"line":63,"column":2},"end":{"line":78,"column":null}},"type":"if","locations":[{"start":{"line":63,"column":2},"end":{"line":78,"column":null}},{"start":{"line":66,"column":9},"end":{"line":78,"column":null}}],"line":63},"5":{"loc":{"start":{"line":67,"column":18},"end":{"line":67,"column":null}},"type":"cond-expr","locations":[{"start":{"line":67,"column":39},"end":{"line":67,"column":78}},{"start":{"line":67,"column":78},"end":{"line":67,"column":null}}],"line":67},"6":{"loc":{"start":{"line":68,"column":4},"end":{"line":68,"column":null}},"type":"if","locations":[{"start":{"line":68,"column":4},"end":{"line":68,"column":null}},{"start":{},"end":{}}],"line":68},"7":{"loc":{"start":{"line":71,"column":4},"end":{"line":77,"column":null}},"type":"if","locations":[{"start":{"line":71,"column":4},"end":{"line":77,"column":null}},{"start":{},"end":{}}],"line":71},"8":{"loc":{"start":{"line":91,"column":6},"end":{"line":93,"column":null}},"type":"if","locations":[{"start":{"line":91,"column":6},"end":{"line":93,"column":null}},{"start":{},"end":{}}],"line":91},"9":{"loc":{"start":{"line":95,"column":6},"end":{"line":103,"column":null}},"type":"if","locations":[{"start":{"line":95,"column":6},"end":{"line":103,"column":null}},{"start":{},"end":{}}],"line":95},"10":{"loc":{"start":{"line":95,"column":10},"end":{"line":95,"column":38}},"type":"binary-expr","locations":[{"start":{"line":95,"column":10},"end":{"line":95,"column":24}},{"start":{"line":95,"column":24},"end":{"line":95,"column":38}}],"line":95},"11":{"loc":{"start":{"line":97,"column":8},"end":{"line":102,"column":null}},"type":"if","locations":[{"start":{"line":97,"column":8},"end":{"line":102,"column":null}},{"start":{},"end":{}}],"line":97},"12":{"loc":{"start":{"line":107,"column":6},"end":{"line":112,"column":null}},"type":"if","locations":[{"start":{"line":107,"column":6},"end":{"line":112,"column":null}},{"start":{"line":110,"column":13},"end":{"line":112,"column":null}}],"line":107},"13":{"loc":{"start":{"line":108,"column":50},"end":{"line":108,"column":68}},"type":"binary-expr","locations":[{"start":{"line":108,"column":50},"end":{"line":108,"column":66}},{"start":{"line":108,"column":66},"end":{"line":108,"column":68}}],"line":108}},"s":{"0":1,"1":1,"2":1,"3":6,"4":6,"5":1,"6":5,"7":3,"8":3,"9":1,"10":2,"11":13,"12":7,"13":1,"14":6,"15":6,"16":6,"17":1,"18":1,"19":5,"20":5,"21":5,"22":5,"23":5,"24":5,"25":1,"26":1,"27":1,"28":1,"29":6,"30":6,"31":6,"32":6,"33":6,"34":6,"35":16,"36":16,"37":16,"38":6,"39":16,"40":3,"41":3,"42":2,"43":6,"44":6,"45":5,"46":5,"47":1,"48":6,"49":0},"f":{"0":6,"1":3,"2":13,"3":7,"4":6,"5":16,"6":6,"7":0},"b":{"0":[1,1],"1":[1,5],"2":[1,2],"3":[1,6],"4":[1,5],"5":[5,0],"6":[5,0],"7":[1,4],"8":[6,10],"9":[3,13],"10":[16,3],"11":[2,1],"12":[5,1],"13":[1,0]},"meta":{"lastBranch":14,"lastFunction":8,"lastStatement":50,"seen":{"s:5:19:5:Infinity":0,"b:5:19:5:49:5:49:5:Infinity":0,"s:13:50:20:Infinity":1,"s:22:52:27:Infinity":2,"f:34:9:34:23":0,"s:35:12:35:Infinity":3,"b:36:2:36:Infinity:undefined:undefined:undefined:undefined":1,"s:36:2:36:Infinity":4,"s:36:10:36:Infinity":5,"s:37:2:37:Infinity":6,"f:40:9:40:19":1,"s:41:12:41:Infinity":7,"b:42:2:42:Infinity:undefined:undefined:undefined:undefined":2,"s:42:2:42:Infinity":8,"s:42:10:42:Infinity":9,"s:43:2:43:Infinity":10,"f:46:16:46:30":2,"s:47:2:47:Infinity":11,"f:50:22:50:Infinity":3,"b:57:2:57:Infinity:undefined:undefined:undefined:undefined":3,"s:57:2:57:Infinity":12,"s:57:30:57:Infinity":13,"s:59:2:59:Infinity":14,"s:61:25:61:Infinity":15,"b:63:2:78:Infinity:66:9:78:Infinity":4,"s:63:2:78:Infinity":16,"s:64:22:64:Infinity":17,"s:65:4:65:Infinity":18,"s:67:18:67:Infinity":19,"b:67:39:67:78:67:78:67:Infinity":5,"b:68:4:68:Infinity:undefined:undefined:undefined:undefined":6,"s:68:4:68:Infinity":20,"s:68:15:68:Infinity":21,"s:69:4:69:Infinity":22,"s:70:4:70:Infinity":23,"b:71:4:77:Infinity:undefined:undefined:undefined:undefined":7,"s:71:4:77:Infinity":24,"s:73:20:73:Infinity":25,"s:74:6:74:Infinity":26,"s:75:23:75:Infinity":27,"s:76:6:76:Infinity":28,"s:80:2:80:Infinity":29,"s:82:2:118:Infinity":30,"f:82:12:82:27":4,"s:83:10:83:Infinity":31,"s:84:38:84:Infinity":32,"s:85:17:85:Infinity":33,"s:87:4:104:Infinity":34,"f:87:19:87:28":5,"s:88:20:88:Infinity":35,"s:89:6:89:Infinity":36,"b:91:6:93:Infinity:undefined:undefined:undefined:undefined":8,"s:91:6:93:Infinity":37,"s:92:8:92:Infinity":38,"b:95:6:103:Infinity:undefined:undefined:undefined:undefined":9,"s:95:6:103:Infinity":39,"b:95:10:95:24:95:24:95:38":10,"s:96:24:96:Infinity":40,"b:97:8:102:Infinity:undefined:undefined:undefined:undefined":11,"s:97:8:102:Infinity":41,"s:98:10:101:Infinity":42,"s:106:4:113:Infinity":43,"f:106:12:106:22":6,"b:107:6:112:Infinity:110:13:112:Infinity":12,"s:107:6:112:Infinity":44,"s:108:8:108:Infinity":45,"b:108:50:108:66:108:66:108:68":13,"s:109:8:109:Infinity":46,"s:111:8:111:Infinity":47,"s:115:4:117:Infinity":48,"f:115:12:115:22":7,"s:116:6:116:Infinity":49},"fnNames":{}}}
}
